<?xml version="1.0" encoding="UTF-8"?>
<testsuite xmlns:xsi="http://www.w3.org/2001/XMLSchema-instance" xsi:noNamespaceSchemaLocation="https://maven.apache.org/surefire/maven-surefire-plugin/xsd/surefire-test-report-3.0.xsd" version="3.0" name="TestSuite" time="22.671" tests="15" errors="0" skipped="0" failures="0">
  <properties>
[...]
</properties>
  <testcase name="GetListTest" classname="com.lise.testcases.GetMethod.GetResponse" time="2.59">
    <system-out><![CDATA[Before Suite
]]></system-out>
  </testcase>
  <testcase name="getDelayedResponseTest" classname="com.lise.testcases.GetMethod.GetResponse" time="3.687"/>
  <testcase name="getListResourceTest" classname="com.lise.testcases.GetMethod.GetResponse" time="0.351"/>
  <testcase name="getSingleResourceNotFoundTest" classname="com.lise.testcases.GetMethod.GetResponse" time="0.616"/>
  <testcase name="getSingleResourceTest" classname="com.lise.testcases.GetMethod.GetResponse" time="1.354"/>
  <testcase name="getSingleTest" classname="com.lise.testcases.GetMethod.GetResponse" time="0.339"/>
  <testcase name="getSingleUserNotFoundTest" classname="com.lise.testcases.GetMethod.GetResponse" time="0.729"/>
  <testcase name="postCreateTest" classname="com.lise.testcases.PostMethod.PostResponse" time="1.004"/>
  <testcase name="postLoginSuccessfulTest" classname="com.lise.testcases.PostMethod.PostResponse" time="0.714"/>
  <testcase name="postLoginUnSuccessfulTest" classname="com.lise.testcases.PostMethod.PostResponse" time="0.615"/>
  <testcase name="postRegisterSuccessfulTest" classname="com.lise.testcases.PostMethod.PostResponse" time="0.714"/>
  <testcase name="postRegisterUnSuccessfulTest" classname="com.lise.testcases.PostMethod.PostResponse" time="1.535"/>
  <testcase name="putUpdateTest" classname="com.lise.testcases.PutMethod.PutResponse" time="0.82"/>
  <testcase name="patchUpdateTest" classname="com.lise.testcases.PatchMethod.PatchResponse" time="0.68"/>
  <testcase name="deleteResponseTest" classname="com.lise.testcases.DeleteMethod.DeleteResponse" time="0.654"/>
</testsuite>