<?xml version="1.0" encoding="UTF-8"?>
<testng-results ignored="4" total="19" passed="15" failed="0" skipped="0">
  <reporter-output>
  </reporter-output>
  <suite started-at="2023-06-19T21:19:56 IST" name="All Test Suite" finished-at="2023-06-19T21:20:12 IST" duration-ms="16330">
    <groups>
    </groups>
    <test started-at="2023-06-19T21:19:56 IST" name="/Users/apple/Desktop/code/second2project/javaCoreProject/RestApiPro" finished-at="2023-06-19T21:20:12 IST" duration-ms="16330">
      <class name="com.lise.testcases.GetResponse">
        <test-method is-config="true" signature="beforeSuite()[pri:0, instance:com.lise.testcases.GetResponse@2145433b]" started-at="2023-06-19T21:19:55 IST" name="beforeSuite" finished-at="2023-06-19T21:19:56 IST" duration-ms="639" status="PASS">
          <reporter-output>
          </reporter-output>
        </test-method> <!-- beforeSuite -->
        <test-method signature="GetListTest()[pri:0, instance:com.lise.testcases.GetResponse@2145433b]" started-at="2023-06-19T21:19:56 IST" name="GetListTest" finished-at="2023-06-19T21:19:58 IST" duration-ms="2459" status="PASS">
          <reporter-output>
          </reporter-output>
        </test-method> <!-- GetListTest -->
        <test-method signature="getDelayedResponseTest()[pri:0, instance:com.lise.testcases.GetResponse@2145433b]" started-at="2023-06-19T21:19:58 IST" name="getDelayedResponseTest" finished-at="2023-06-19T21:20:02 IST" duration-ms="4235" status="PASS">
          <reporter-output>
          </reporter-output>
        </test-method> <!-- getDelayedResponseTest -->
        <test-method signature="getListResourceTest()[pri:0, instance:com.lise.testcases.GetResponse@2145433b]" started-at="2023-06-19T21:20:02 IST" name="getListResourceTest" finished-at="2023-06-19T21:20:03 IST" duration-ms="124" status="PASS">
          <reporter-output>
          </reporter-output>
        </test-method> <!-- getListResourceTest -->
        <test-method signature="getSingleResourceNotFoundTest()[pri:0, instance:com.lise.testcases.GetResponse@2145433b]" started-at="2023-06-19T21:20:03 IST" name="getSingleResourceNotFoundTest" finished-at="2023-06-19T21:20:03 IST" duration-ms="615" status="PASS">
          <reporter-output>
          </reporter-output>
        </test-method> <!-- getSingleResourceNotFoundTest -->
        <test-method signature="getSingleResourceTest()[pri:0, instance:com.lise.testcases.GetResponse@2145433b]" started-at="2023-06-19T21:20:03 IST" name="getSingleResourceTest" finished-at="2023-06-19T21:20:03 IST" duration-ms="116" status="PASS">
          <reporter-output>
          </reporter-output>
        </test-method> <!-- getSingleResourceTest -->
        <test-method signature="getSingleTest()[pri:0, instance:com.lise.testcases.GetResponse@2145433b]" started-at="2023-06-19T21:20:03 IST" name="getSingleTest" finished-at="2023-06-19T21:20:03 IST" duration-ms="113" status="PASS">
          <reporter-output>
          </reporter-output>
        </test-method> <!-- getSingleTest -->
        <test-method signature="getSingleUserNotFoundTest()[pri:0, instance:com.lise.testcases.GetResponse@2145433b]" started-at="2023-06-19T21:20:03 IST" name="getSingleUserNotFoundTest" finished-at="2023-06-19T21:20:04 IST" duration-ms="391" status="PASS">
          <reporter-output>
          </reporter-output>
        </test-method> <!-- getSingleUserNotFoundTest -->
      </class> <!-- com.lise.testcases.GetResponse -->
      <class name="com.lise.testcases.PatchResponse">
        <test-method signature="patchUpdateTest()[pri:0, instance:com.lise.testcases.PatchResponse@1b083826]" started-at="2023-06-19T21:20:09 IST" name="patchUpdateTest" finished-at="2023-06-19T21:20:10 IST" duration-ms="682" status="PASS">
          <reporter-output>
          </reporter-output>
        </test-method> <!-- patchUpdateTest -->
      </class> <!-- com.lise.testcases.PatchResponse -->
      <class name="com.lise.testcases.DeleteResponse">
        <test-method signature="deleteResponseTest()[pri:0, instance:com.lise.testcases.DeleteResponse@105fece7]" started-at="2023-06-19T21:20:10 IST" name="deleteResponseTest" finished-at="2023-06-19T21:20:12 IST" duration-ms="2211" status="PASS">
          <reporter-output>
          </reporter-output>
        </test-method> <!-- deleteResponseTest -->
      </class> <!-- com.lise.testcases.DeleteResponse -->
      <class name="com.lise.testcases.PostResponse">
        <test-method signature="postCreateTest()[pri:0, instance:com.lise.testcases.PostResponse@2890c451]" started-at="2023-06-19T21:20:04 IST" name="postCreateTest" finished-at="2023-06-19T21:20:05 IST" duration-ms="1330" status="PASS">
          <reporter-output>
          </reporter-output>
        </test-method> <!-- postCreateTest -->
        <test-method signature="postLoginSuccessfulTest()[pri:0, instance:com.lise.testcases.PostResponse@2890c451]" started-at="2023-06-19T21:20:05 IST" name="postLoginSuccessfulTest" finished-at="2023-06-19T21:20:06 IST" duration-ms="381" status="PASS">
          <reporter-output>
          </reporter-output>
        </test-method> <!-- postLoginSuccessfulTest -->
        <test-method signature="postLoginUnSuccessfulTest()[pri:0, instance:com.lise.testcases.PostResponse@2890c451]" started-at="2023-06-19T21:20:06 IST" name="postLoginUnSuccessfulTest" finished-at="2023-06-19T21:20:06 IST" duration-ms="375" status="PASS">
          <reporter-output>
          </reporter-output>
        </test-method> <!-- postLoginUnSuccessfulTest -->
        <test-method signature="postRegisterSuccessfulTest()[pri:0, instance:com.lise.testcases.PostResponse@2890c451]" started-at="2023-06-19T21:20:06 IST" name="postRegisterSuccessfulTest" finished-at="2023-06-19T21:20:07 IST" duration-ms="658" status="PASS">
          <reporter-output>
          </reporter-output>
        </test-method> <!-- postRegisterSuccessfulTest -->
        <test-method signature="postRegisterUnSuccessfulTest()[pri:0, instance:com.lise.testcases.PostResponse@2890c451]" started-at="2023-06-19T21:20:07 IST" name="postRegisterUnSuccessfulTest" finished-at="2023-06-19T21:20:09 IST" duration-ms="2146" status="PASS">
          <reporter-output>
          </reporter-output>
        </test-method> <!-- postRegisterUnSuccessfulTest -->
      </class> <!-- com.lise.testcases.PostResponse -->
      <class name="com.lise.testcases.PutResponse">
        <test-method signature="putUpdateTest()[pri:0, instance:com.lise.testcases.PutResponse@40e6dfe1]" started-at="2023-06-19T21:20:09 IST" name="putUpdateTest" finished-at="2023-06-19T21:20:09 IST" duration-ms="442" status="PASS">
          <reporter-output>
          </reporter-output>
        </test-method> <!-- putUpdateTest -->
      </class> <!-- com.lise.testcases.PutResponse -->
    </test> <!-- /Users/apple/Desktop/code/second2project/javaCoreProject/RestApiPro -->
  </suite> <!-- All Test Suite -->
</testng-results>
