<?xml version="1.0" encoding="UTF-8"?>
<!-- Generated by org.testng.reporters.JUnitXMLReporter -->
<testsuite ignored="4" hostname="Apples-MacBook-Pro.local" failures="0" tests="15" name="/Users/apple/Desktop/code/second2project/javaCoreProject/RestApiPro" time="16.45" errors="0" timestamp="2023-06-17T14:40:41 IST">
  <testcase classname="com.lise.testcases.GetMethod.GetResponse" name="GetListTest" time="2.595"/>
  <testcase classname="com.lise.testcases.GetMethod.GetResponse" name="getDelayedResponseTest" time="3.689"/>
  <testcase classname="com.lise.testcases.GetMethod.GetResponse" name="getListResourceTest" time="0.351"/>
  <testcase classname="com.lise.testcases.GetMethod.GetResponse" name="getSingleResourceNotFoundTest" time="0.615"/>
  <testcase classname="com.lise.testcases.GetMethod.GetResponse" name="getSingleResourceTest" time="1.355"/>
  <testcase classname="com.lise.testcases.GetMethod.GetResponse" name="getSingleTest" time="0.337"/>
  <testcase classname="com.lise.testcases.GetMethod.GetResponse" name="getSingleUserNotFoundTest" time="0.731"/>
  <testcase classname="com.lise.testcases.PostMethod.PostResponse" name="postCreateTest" time="1.005"/>
  <testcase classname="com.lise.testcases.PostMethod.PostResponse" name="postLoginSuccessfulTest" time="0.715"/>
  <testcase classname="com.lise.testcases.PostMethod.PostResponse" name="postLoginUnSuccessfulTest" time="0.614"/>
  <testcase classname="com.lise.testcases.PostMethod.PostResponse" name="postRegisterSuccessfulTest" time="0.715"/>
  <testcase classname="com.lise.testcases.PostMethod.PostResponse" name="postRegisterUnSuccessfulTest" time="1.535"/>
  <testcase classname="com.lise.testcases.PutMethod.PutResponse" name="putUpdateTest" time="0.819"/>
  <testcase classname="com.lise.testcases.PatchMethod.PatchResponse" name="patchUpdateTest" time="0.68"/>
  <testcase classname="com.lise.testcases.DeleteMethod.DeleteResponse" name="deleteResponseTest" time="0.653"/>
  <testcase classname="com.lise.BaseClass" name="@BeforeSuite beforeSuite" time="0.0">
    <ignored/>
  </testcase> <!-- @BeforeSuite beforeSuite -->
  <testcase classname="com.lise.BaseClass" name="@BeforeSuite beforeSuite" time="0.0">
    <ignored/>
  </testcase> <!-- @BeforeSuite beforeSuite -->
  <testcase classname="com.lise.BaseClass" name="@BeforeSuite beforeSuite" time="0.0">
    <ignored/>
  </testcase> <!-- @BeforeSuite beforeSuite -->
  <testcase classname="com.lise.BaseClass" name="@BeforeSuite beforeSuite" time="0.0">
    <ignored/>
  </testcase> <!-- @BeforeSuite beforeSuite -->
</testsuite> <!-- /Users/apple/Desktop/code/second2project/javaCoreProject/RestApiPro -->
