<?xml version="1.0" encoding="UTF-8"?>
<!-- Generated by org.testng.reporters.JUnitXMLReporter -->
<testsuite ignored="4" hostname="Apples-MacBook-Pro.local" failures="0" tests="15" name="/Users/apple/Desktop/code/second2project/javaCoreProject/RestApiPro" time="16.33" errors="0" timestamp="2023-06-19T21:20:17 IST">
  <testcase classname="com.lise.testcases.GetResponse" name="GetListTest" time="2.459"/>
  <testcase classname="com.lise.testcases.GetResponse" name="getDelayedResponseTest" time="4.235"/>
  <testcase classname="com.lise.testcases.GetResponse" name="getListResourceTest" time="0.124"/>
  <testcase classname="com.lise.testcases.GetResponse" name="getSingleResourceNotFoundTest" time="0.615"/>
  <testcase classname="com.lise.testcases.GetResponse" name="getSingleResourceTest" time="0.116"/>
  <testcase classname="com.lise.testcases.GetResponse" name="getSingleTest" time="0.113"/>
  <testcase classname="com.lise.testcases.GetResponse" name="getSingleUserNotFoundTest" time="0.391"/>
  <testcase classname="com.lise.testcases.PostResponse" name="postCreateTest" time="1.33"/>
  <testcase classname="com.lise.testcases.PostResponse" name="postLoginSuccessfulTest" time="0.381"/>
  <testcase classname="com.lise.testcases.PostResponse" name="postLoginUnSuccessfulTest" time="0.375"/>
  <testcase classname="com.lise.testcases.PostResponse" name="postRegisterSuccessfulTest" time="0.658"/>
  <testcase classname="com.lise.testcases.PostResponse" name="postRegisterUnSuccessfulTest" time="2.146"/>
  <testcase classname="com.lise.testcases.PutResponse" name="putUpdateTest" time="0.442"/>
  <testcase classname="com.lise.testcases.PatchResponse" name="patchUpdateTest" time="0.682"/>
  <testcase classname="com.lise.testcases.DeleteResponse" name="deleteResponseTest" time="2.211"/>
  <testcase classname="com.lise.BaseClass" name="@BeforeSuite beforeSuite" time="0.0">
    <ignored/>
  </testcase> <!-- @BeforeSuite beforeSuite -->
  <testcase classname="com.lise.BaseClass" name="@BeforeSuite beforeSuite" time="0.0">
    <ignored/>
  </testcase> <!-- @BeforeSuite beforeSuite -->
  <testcase classname="com.lise.BaseClass" name="@BeforeSuite beforeSuite" time="0.0">
    <ignored/>
  </testcase> <!-- @BeforeSuite beforeSuite -->
  <testcase classname="com.lise.BaseClass" name="@BeforeSuite beforeSuite" time="0.0">
    <ignored/>
  </testcase> <!-- @BeforeSuite beforeSuite -->
</testsuite> <!-- /Users/apple/Desktop/code/second2project/javaCoreProject/RestApiPro -->
